<?xml version="1.0" encoding="UTF-8"?>
<!-- Generated by org.testng.reporters.JUnitReportReporter -->
<testsuite hostname="MSRS" failures="0" tests="2" name="Exam.SeleniumAutomationExam.Alerts" time="39.886" errors="0" timestamp="2022-12-16T23:06:32 BDT" skipped="0">
  <testcase classname="Exam.SeleniumAutomationExam.Alerts" name="openURL" time="11.648"/>
  <system-out/>
  <testcase classname="Exam.SeleniumAutomationExam.Alerts" name="scenario_4" time="28.238"/>
  <system-out/>
</testsuite> <!-- Exam.SeleniumAutomationExam.Alerts -->
