<?xml version="1.0" encoding="UTF-8"?>
<!-- Generated by org.testng.reporters.JUnitReportReporter -->
<testsuite hostname="MSRS" failures="0" tests="2" name="Exam.SeleniumAutomationExam.Category" time="16.340" errors="0" timestamp="2022-12-16T22:31:37 BDT" skipped="0">
  <testcase classname="Exam.SeleniumAutomationExam.Category" name="openURL" time="14.188"/>
  <system-out/>
  <testcase classname="Exam.SeleniumAutomationExam.Category" name="scenario_2" time="2.152"/>
  <system-out/>
</testsuite> <!-- Exam.SeleniumAutomationExam.Category -->
