<?xml version="1.0" encoding="UTF-8"?>
<!-- Generated by org.testng.reporters.JUnitReportReporter -->
<testsuite hostname="MSRS" failures="0" tests="2" name="Exam.SeleniumAutomationExam.Radio_and_Checkbox" time="17.435" errors="0" timestamp="2022-12-16T22:32:03 BDT" skipped="0">
  <testcase classname="Exam.SeleniumAutomationExam.Radio_and_Checkbox" name="openURL" time="11.257"/>
  <system-out/>
  <testcase classname="Exam.SeleniumAutomationExam.Radio_and_Checkbox" name="scenario_3" time="6.178"/>
  <system-out/>
</testsuite> <!-- Exam.SeleniumAutomationExam.Radio_and_Checkbox -->
