<?xml version="1.0" encoding="UTF-8"?>
<!-- Generated by org.testng.reporters.JUnitReportReporter -->
<testsuite hostname="MSRS" failures="0" tests="2" name="Exam.SeleniumAutomationExam.Hover" time="152.296" errors="0" timestamp="2022-12-16T23:17:33 BDT" skipped="0">
  <testcase classname="Exam.SeleniumAutomationExam.Hover" name="openURL" time="27.603"/>
  <system-out/>
  <testcase classname="Exam.SeleniumAutomationExam.Hover" name="scenario_5" time="124.693"/>
  <system-out/>
</testsuite> <!-- Exam.SeleniumAutomationExam.Hover -->
