<?xml version="1.0" encoding="UTF-8"?>
<!-- Generated by org.testng.reporters.JUnitReportReporter -->
<testsuite hostname="MSRS" failures="0" tests="1" name="Exam.SeleniumAutomationExam.Test" time="16.530" errors="0" timestamp="2022-12-16T21:35:11 BDT" skipped="0">
  <testcase classname="Exam.SeleniumAutomationExam.Test" name="openURL" time="16.530"/>
  <system-out/>
</testsuite> <!-- Exam.SeleniumAutomationExam.Test -->
