<?xml version="1.0" encoding="UTF-8"?>
<!-- Generated by org.testng.reporters.JUnitReportReporter -->
<testsuite hostname="MSRS" failures="0" tests="2" name="Exam.SeleniumAutomationExam.InputField" time="27.004" errors="0" timestamp="2022-12-16T22:07:26 BDT" skipped="0">
  <testcase classname="Exam.SeleniumAutomationExam.InputField" name="openURL" time="14.611"/>
  <system-out/>
  <testcase classname="Exam.SeleniumAutomationExam.InputField" name="scenario_1" time="12.393"/>
  <system-out/>
</testsuite> <!-- Exam.SeleniumAutomationExam.InputField -->
